[    0.000000] Linux version 4.15.0-64-generic (buildd@lgw01-amd64-038) (gcc version 7.4.0 (Ubuntu 7.4.0-1ubuntu1~18.04.1)) #73-Ubuntu SMP Thu Sep 12 13:16:13 UTC 2019 (Ubuntu 4.15.0-64.73-generic 4.15.18)
[    0.000000] Command line: BOOT_IMAGE=/boot/vmlinuz-4.15.0-64-generic root=LABEL=cloudimg-rootfs ro console=tty1 console=ttyS0
[    0.000000] KERNEL supported cpus:
[    0.000000]   Intel GenuineIntel
[    0.000000]   AMD AuthenticAMD
[    0.000000]   Centaur CentaurHauls
[    0.000000] x86/fpu: Supporting XSAVE feature 0x001: 'x87 floating point registers'
[    0.000000] x86/fpu: Supporting XSAVE feature 0x002: 'SSE registers'
[    0.000000] x86/fpu: Supporting XSAVE feature 0x004: 'AVX registers'
[    0.000000] x86/fpu: xstate_offset[2]:  576, xstate_sizes[2]:  256
[    0.000000] x86/fpu: Enabled xstate features 0x7, context size is 832 bytes, using 'standard' format.
[    0.000000] e820: BIOS-provided physical RAM map:
[    0.000000] BIOS-e820: [mem 0x0000000000000000-0x000000000009fbff] usable
[    0.000000] BIOS-e820: [mem 0x000000000009fc00-0x000000000009ffff] reserved
[    0.000000] BIOS-e820: [mem 0x00000000000f0000-0x00000000000fffff] reserved
[    0.000000] BIOS-e820: [mem 0x0000000000100000-0x000000000ffeffff] usable
[    0.000000] BIOS-e820: [mem 0x000000000fff0000-0x000000000fffffff] ACPI data
[    0.000000] BIOS-e820: [mem 0x00000000fec00000-0x00000000fec00fff] reserved
[    0.000000] BIOS-e820: [mem 0x00000000fee00000-0x00000000fee00fff] reserved
[    0.000000] BIOS-e820: [mem 0x00000000fffc0000-0x00000000ffffffff] reserved
[    0.000000] NX (Execute Disable) protection: active
[    0.000000] SMBIOS 2.5 present.
[    0.000000] DMI: innotek GmbH VirtualBox/VirtualBox, BIOS VirtualBox 12/01/2006
[    0.000000] Hypervisor detected: KVM
[    0.000000] e820: last_pfn = 0xfff0 max_arch_pfn = 0x400000000
[    0.000000] MTRR: Disabled
[    0.000000] x86/PAT: MTRRs disabled, skipping PAT initialization too.
[    0.000000] CPU MTRRs all blank - virtualized system.
[    0.000000] x86/PAT: Configuration [0-7]: WB  WT  UC- UC  WB  WT  UC- UC  
[    0.000000] found SMP MP-table at [mem 0x0009fff0-0x0009ffff]
[    0.000000] Scanning 1 areas for low memory corruption
[    0.000000] RAMDISK: [mem 0x0db94000-0x0ee45fff]
[    0.000000] ACPI: Early table checksum verification disabled
[    0.000000] ACPI: RSDP 0x00000000000E0000 000024 (v02 VBOX  )
[    0.000000] ACPI: XSDT 0x000000000FFF0030 00003C (v01 VBOX   VBOXXSDT 00000001 ASL  00000061)
[    0.000000] ACPI: FACP 0x000000000FFF00F0 0000F4 (v04 VBOX   VBOXFACP 00000001 ASL  00000061)
[    0.000000] ACPI: DSDT 0x000000000FFF0470 0021FF (v02 VBOX   VBOXBIOS 00000002 INTL 20100528)
[    0.000000] ACPI: FACS 0x000000000FFF0200 000040
[    0.000000] ACPI: FACS 0x000000000FFF0200 000040
[    0.000000] ACPI: APIC 0x000000000FFF0240 00005C (v02 VBOX   VBOXAPIC 00000001 ASL  00000061)
[    0.000000] ACPI: SSDT 0x000000000FFF02A0 0001CC (v01 VBOX   VBOXCPUT 00000002 INTL 20100528)
[    0.000000] No NUMA configuration found
[    0.000000] Faking a node at [mem 0x0000000000000000-0x000000000ffeffff]
[    0.000000] NODE_DATA(0) allocated [mem 0x0ffc5000-0x0ffeffff]
[    0.000000] kvm-clock: cpu 0, msr 0:ff44001, primary cpu clock
[    0.000000] kvm-clock: Using msrs 4b564d01 and 4b564d00
[    0.000000] kvm-clock: using sched offset of 6148418028 cycles
[    0.000000] clocksource: kvm-clock: mask: 0xffffffffffffffff max_cycles: 0x1cd42e4dffb, max_idle_ns: 881590591483 ns
[    0.000000] Zone ranges:
[    0.000000]   DMA      [mem 0x0000000000001000-0x0000000000ffffff]
[    0.000000]   DMA32    [mem 0x0000000001000000-0x000000000ffeffff]
[    0.000000]   Normal   empty
[    0.000000]   Device   empty
[    0.000000] Movable zone start for each node
[    0.000000] Early memory node ranges
[    0.000000]   node   0: [mem 0x0000000000001000-0x000000000009efff]
[    0.000000]   node   0: [mem 0x0000000000100000-0x000000000ffeffff]
[    0.000000] Reserved but unavailable: 98 pages
[    0.000000] Initmem setup node 0 [mem 0x0000000000001000-0x000000000ffeffff]
[    0.000000] ACPI: PM-Timer IO Port: 0x4008
[    0.000000] IOAPIC[0]: apic_id 2, version 32, address 0xfec00000, GSI 0-23
[    0.000000] ACPI: INT_SRC_OVR (bus 0 bus_irq 0 global_irq 2 dfl dfl)
[    0.000000] ACPI: INT_SRC_OVR (bus 0 bus_irq 9 global_irq 9 low level)
[    0.000000] Using ACPI (MADT) for SMP configuration information
[    0.000000] smpboot: Allowing 2 CPUs, 0 hotplug CPUs
[    0.000000] PM: Registered nosave memory: [mem 0x00000000-0x00000fff]
[    0.000000] PM: Registered nosave memory: [mem 0x0009f000-0x0009ffff]
[    0.000000] PM: Registered nosave memory: [mem 0x000a0000-0x000effff]
[    0.000000] PM: Registered nosave memory: [mem 0x000f0000-0x000fffff]
[    0.000000] e820: [mem 0x10000000-0xfebfffff] available for PCI devices
[    0.000000] Booting paravirtualized kernel on KVM
[    0.000000] clocksource: refined-jiffies: mask: 0xffffffff max_cycles: 0xffffffff, max_idle_ns: 7645519600211568 ns
[    0.000000] random: get_random_bytes called from start_kernel+0x99/0x4fd with crng_init=0
[    0.000000] setup_percpu: NR_CPUS:8192 nr_cpumask_bits:2 nr_cpu_ids:2 nr_node_ids:1
[    0.000000] percpu: Embedded 46 pages/cpu s151552 r8192 d28672 u1048576
[    0.000000] PV qspinlock hash table entries: 256 (order: 0, 4096 bytes)
[    0.000000] Built 1 zonelists, mobility grouping on.  Total pages: 64377
[    0.000000] Policy zone: DMA32
[    0.000000] Kernel command line: BOOT_IMAGE=/boot/vmlinuz-4.15.0-64-generic root=LABEL=cloudimg-rootfs ro console=tty1 console=ttyS0
[    0.000000] Memory: 209296K/261688K available (12300K kernel code, 2481K rwdata, 4172K rodata, 2436K init, 2384K bss, 52392K reserved, 0K cma-reserved)
[    0.000000] SLUB: HWalign=64, Order=0-3, MinObjects=0, CPUs=2, Nodes=1
[    0.000000] Kernel/User page tables isolation: enabled
[    0.000000] ftrace: allocating 39306 entries in 154 pages
[    0.004000] Hierarchical RCU implementation.
[    0.004000] 	RCU restricting CPUs from NR_CPUS=8192 to nr_cpu_ids=2.
[    0.004000] 	Tasks RCU enabled.
[    0.004000] RCU: Adjusting geometry for rcu_fanout_leaf=16, nr_cpu_ids=2
[    0.004000] NR_IRQS: 524544, nr_irqs: 440, preallocated irqs: 16
[    0.004000] Console: colour VGA+ 80x25
[    0.004000] console [tty1] enabled
[    0.004000] console [ttyS0] enabled
[    0.004000] ACPI: Core revision 20170831
[    0.004000] ACPI: 2 ACPI AML tables successfully acquired and loaded
[    0.004000] APIC: Switch to symmetric I/O mode setup
[    0.004000] x2apic enabled
[    0.004010] Switched APIC routing to physical x2apic.
[    0.011298] ..TIMER: vector=0x30 apic1=0 pin1=2 apic2=-1 pin2=-1
[    0.012004] tsc: Detected 2394.572 MHz processor
[    0.016013] Calibrating delay loop (skipped) preset value.. 4789.14 BogoMIPS (lpj=9578288)
[    0.019457] pid_max: default: 32768 minimum: 301
[    0.020083] Security Framework initialized
[    0.024004] Yama: becoming mindful.
[    0.028048] AppArmor: AppArmor initialized
[    0.029959] Dentry cache hash table entries: 32768 (order: 6, 262144 bytes)
[    0.032044] Inode-cache hash table entries: 16384 (order: 5, 131072 bytes)
[    0.035035] Mount-cache hash table entries: 512 (order: 0, 4096 bytes)
[    0.036007] Mountpoint-cache hash table entries: 512 (order: 0, 4096 bytes)
[    0.040607] Last level iTLB entries: 4KB 512, 2MB 8, 4MB 8
[    0.044004] Last level dTLB entries: 4KB 512, 2MB 32, 4MB 32, 1GB 0
[    0.048008] Spectre V1 : Mitigation: usercopy/swapgs barriers and __user pointer sanitization
[    0.052011] Spectre V2 : Mitigation: Full generic retpoline
[    0.056008] Spectre V2 : Spectre v2 / SpectreRSB mitigation: Filling RSB on context switch
[    0.060008] Speculative Store Bypass: Vulnerable
[    0.064068] MDS: Vulnerable: Clear CPU buffers attempted, no microcode
[    0.068559] Freeing SMP alternatives memory: 36K
[    0.080000] smpboot: CPU0: Intel(R) Core(TM) i3-3110M CPU @ 2.40GHz (family: 0x6, model: 0x3a, stepping: 0x9)
[    0.080165] Performance Events: unsupported p6 CPU model 58 no PMU driver, software events only.
[    0.084094] Hierarchical SRCU implementation.
[    0.088999] NMI watchdog: Perf event create on CPU 0 failed with -2
[    0.092013] NMI watchdog: Perf NMI watchdog permanently disabled
[    0.094513] smp: Bringing up secondary CPUs ...
[    0.096227] x86: Booting SMP configuration:
[    0.100004] .... node  #0, CPUs:      #1
[    0.004000] kvm-clock: cpu 1, msr 0:ff44041, secondary cpu clock
[    0.108040] smp: Brought up 1 node, 2 CPUs
[    0.109792] smpboot: Max logical packages: 1
[    0.111649] smpboot: Total of 2 processors activated (9578.28 BogoMIPS)
[    0.112218] devtmpfs: initialized
[    0.116193] x86/mm: Memory block size: 128MB
[    0.118913] evm: security.selinux
[    0.120013] evm: security.SMACK64
[    0.124005] evm: security.SMACK64EXEC
[    0.126042] evm: security.SMACK64TRANSMUTE
[    0.128003] evm: security.SMACK64MMAP
[    0.130049] evm: security.apparmor
[    0.132009] evm: security.ima
[    0.136008] evm: security.capability
[    0.140369] clocksource: jiffies: mask: 0xffffffff max_cycles: 0xffffffff, max_idle_ns: 7645041785100000 ns
[    0.144045] futex hash table entries: 512 (order: 3, 32768 bytes)
[    0.148128] pinctrl core: initialized pinctrl subsystem
[    0.152338] RTC time: 22:35:10, date: 09/21/19
[    0.156251] NET: Registered protocol family 16
[    0.159225] audit: initializing netlink subsys (disabled)
[    0.160082] audit: type=2000 audit(1569105314.167:1): state=initialized audit_enabled=0 res=1
[    0.168014] cpuidle: using governor ladder
[    0.172017] cpuidle: using governor menu
[    0.174359] ACPI: bus type PCI registered
[    0.176000] acpiphp: ACPI Hot Plug PCI Controller Driver version: 0.5
[    0.176318] PCI: Using configuration type 1 for base access
[    0.184106] HugeTLB registered 2.00 MiB page size, pre-allocated 0 pages
[    0.188206] ACPI: Added _OSI(Module Device)
[    0.192018] ACPI: Added _OSI(Processor Device)
[    0.193940] ACPI: Added _OSI(3.0 _SCP Extensions)
[    0.196005] ACPI: Added _OSI(Processor Aggregator Device)
[    0.198207] ACPI: Added _OSI(Linux-Dell-Video)
[    0.200005] ACPI: Added _OSI(Linux-Lenovo-NV-HDMI-Audio)
[    0.202191] ACPI: Added _OSI(Linux-HPI-Hybrid-Graphics)
[    0.204673] ACPI: Executed 1 blocks of module-level executable AML code
[    0.225994] ACPI: Interpreter enabled
[    0.228062] ACPI: (supports S0 S5)
[    0.232011] ACPI: Using IOAPIC for interrupt routing
[    0.240693] PCI: Using host bridge windows from ACPI; if necessary, use "pci=nocrs" and report a bug
[    0.244689] ACPI: Enabled 2 GPEs in block 00 to 07
[    0.276166] ACPI: PCI Root Bridge [PCI0] (domain 0000 [bus 00-ff])
[    0.280017] acpi PNP0A03:00: _OSC: OS supports [ASPM ClockPM Segments MSI]
[    0.284119] acpi PNP0A03:00: _OSC: not requesting OS control; OS requires [ExtendedConfig ASPM ClockPM MSI]
[    0.288048] acpi PNP0A03:00: fail to add MMCONFIG information, can't access extended PCI configuration space under this bridge.
[    0.293078] PCI host bridge to bus 0000:00
[    0.296011] pci_bus 0000:00: root bus resource [io  0x0000-0x0cf7 window]
[    0.298762] pci_bus 0000:00: root bus resource [io  0x0d00-0xffff window]
[    0.300007] pci_bus 0000:00: root bus resource [mem 0x000a0000-0x000bffff window]
[    0.304006] pci_bus 0000:00: root bus resource [mem 0x10000000-0xfdffffff window]
[    0.308006] pci_bus 0000:00: root bus resource [bus 00-ff]
[    0.315652] pci 0000:00:01.1: legacy IDE quirk: reg 0x10: [io  0x01f0-0x01f7]
[    0.316005] pci 0000:00:01.1: legacy IDE quirk: reg 0x14: [io  0x03f6]
[    0.320006] pci 0000:00:01.1: legacy IDE quirk: reg 0x18: [io  0x0170-0x0177]
[    0.322899] pci 0000:00:01.1: legacy IDE quirk: reg 0x1c: [io  0x0376]
[    0.343033] pci 0000:00:07.0: quirk: [io  0x4000-0x403f] claimed by PIIX4 ACPI
[    0.344034] pci 0000:00:07.0: quirk: [io  0x4100-0x410f] claimed by PIIX4 SMB
[    0.365623] ACPI: PCI Interrupt Link [LNKA] (IRQs 5 9 10 *11)
[    0.369401] ACPI: PCI Interrupt Link [LNKB] (IRQs 5 9 *10 11)
[    0.372431] ACPI: PCI Interrupt Link [LNKC] (IRQs 5 *9 10 11)
[    0.376427] ACPI: PCI Interrupt Link [LNKD] (IRQs 5 9 10 *11)
[    0.380856] SCSI subsystem initialized
[    0.388244] pci 0000:00:02.0: vgaarb: setting as boot VGA device
[    0.392000] pci 0000:00:02.0: vgaarb: VGA device added: decodes=io+mem,owns=io+mem,locks=none
[    0.400011] pci 0000:00:02.0: vgaarb: bridge control possible
[    0.408005] vgaarb: loaded
[    0.409720] ACPI: bus type USB registered
[    0.412041] usbcore: registered new interface driver usbfs
[    0.414992] usbcore: registered new interface driver hub
[    0.416054] usbcore: registered new device driver usb
[    0.420093] EDAC MC: Ver: 3.0.0
[    0.424513] PCI: Using ACPI for IRQ routing
[    0.428034] NetLabel: Initializing
[    0.430413] NetLabel:  domain hash size = 128
[    0.436007] NetLabel:  protocols = UNLABELED CIPSOv4 CALIPSO
[    0.440055] NetLabel:  unlabeled traffic allowed by default
[    0.444266] clocksource: Switched to clocksource kvm-clock
[    0.510882] VFS: Disk quotas dquot_6.6.0
[    0.516767] VFS: Dquot-cache hash table entries: 512 (order 0, 4096 bytes)
[    0.520652] AppArmor: AppArmor Filesystem Enabled
[    0.523206] pnp: PnP ACPI init
[    0.528217] pnp: PnP ACPI: found 3 devices
[    0.538887] clocksource: acpi_pm: mask: 0xffffff max_cycles: 0xffffff, max_idle_ns: 2085701024 ns
[    0.544747] NET: Registered protocol family 2
[    0.546987] TCP established hash table entries: 2048 (order: 2, 16384 bytes)
[    0.549840] TCP bind hash table entries: 2048 (order: 3, 32768 bytes)
[    0.554411] TCP: Hash tables configured (established 2048 bind 2048)
[    0.557062] UDP hash table entries: 256 (order: 1, 8192 bytes)
[    0.559484] UDP-Lite hash table entries: 256 (order: 1, 8192 bytes)
[    0.562124] NET: Registered protocol family 1
[    0.564025] pci 0000:00:00.0: Limiting direct PCI/PCI transfers
[    0.566535] pci 0000:00:01.0: Activating ISA DMA hang workarounds
[    0.569138] pci 0000:00:02.0: Video device with shadowed ROM at [mem 0x000c0000-0x000dffff]
[    0.572907] Unpacking initramfs...
[    1.430562] Freeing initrd memory: 19144K
[    1.462823] clocksource: tsc: mask: 0xffffffffffffffff max_cycles: 0x22842fdd798, max_idle_ns: 440795307842 ns
[    1.467033] platform rtc_cmos: registered platform RTC device (no PNP device found)
[    1.470436] Scanning for low memory corruption every 60 seconds
[    1.474228] Initialise system trusted keyrings
[    1.476181] Key type blacklist registered
[    1.478133] workingset: timestamp_bits=36 max_order=16 bucket_order=0
[    1.484708] zbud: loaded
[    1.487450] squashfs: version 4.0 (2009/01/31) Phillip Lougher
[    1.490335] fuse init (API version 7.26)
[    1.499659] Key type asymmetric registered
[    1.503316] Asymmetric key parser 'x509' registered
[    1.507547] Block layer SCSI generic (bsg) driver version 0.4 loaded (major 246)
[    1.510938] io scheduler noop registered
[    1.512688] io scheduler deadline registered
[    1.514683] io scheduler cfq registered (default)
[    1.517356] ACPI: AC Adapter [AC] (on-line)
[    1.522184] input: Power Button as /devices/LNXSYSTM:00/LNXPWRBN:00/input/input0
[    1.540032] ACPI: Power Button [PWRF]
[    1.542338] input: Sleep Button as /devices/LNXSYSTM:00/LNXSLPBN:00/input/input1
[    1.546588] ACPI: Sleep Button [SLPF]
[    1.549498] Serial: 8250/16550 driver, 32 ports, IRQ sharing enabled
[    1.552901] ACPI: Battery Slot [BAT0] (battery present)
[    1.581203] 00:02: ttyS0 at I/O 0x3f8 (irq = 4, base_baud = 115200) is a 16550A
[    1.592527] Linux agpgart interface v0.103
[    1.597942] loop: module loaded
[    1.604423] scsi host0: ata_piix
[    1.609404] scsi host1: ata_piix
[    1.612779] ata1: PATA max UDMA/33 cmd 0x1f0 ctl 0x3f6 bmdma 0xd000 irq 14
[    1.616417] ata2: PATA max UDMA/33 cmd 0x170 ctl 0x376 bmdma 0xd008 irq 15
[    1.621264] libphy: Fixed MDIO Bus: probed
[    1.623557] tun: Universal TUN/TAP device driver, 1.6
[    1.629327] PPP generic driver version 2.4.2
[    1.631761] ehci_hcd: USB 2.0 'Enhanced' Host Controller (EHCI) Driver
[    1.643990] ehci-pci: EHCI PCI platform driver
[    1.646491] ehci-platform: EHCI generic platform driver
[    1.649300] ohci_hcd: USB 1.1 'Open' Host Controller (OHCI) Driver
[    1.652488] ohci-pci: OHCI PCI platform driver
[    1.655185] ohci-platform: OHCI generic platform driver
[    1.657981] uhci_hcd: USB Universal Host Controller Interface driver
[    1.661487] i8042: PNP: PS/2 Controller [PNP0303:PS2K,PNP0f03:PS2M] at 0x60,0x64 irq 1,12
[    1.667484] serio: i8042 KBD port at 0x60,0x64 irq 1
[    1.671776] serio: i8042 AUX port at 0x60,0x64 irq 12
[    1.674161] mousedev: PS/2 mouse device common for all mice
[    1.677088] input: AT Translated Set 2 keyboard as /devices/platform/i8042/serio0/input/input2
[    1.681460] rtc_cmos rtc_cmos: rtc core: registered rtc_cmos as rtc0
[    1.684328] rtc_cmos rtc_cmos: alarms up to one day, 114 bytes nvram
[    1.686905] i2c /dev entries driver
[    1.688168] device-mapper: uevent: version 1.0.3
[    1.690783] device-mapper: ioctl: 4.37.0-ioctl (2017-09-20) initialised: dm-devel@redhat.com
[    1.694460] ledtrig-cpu: registered to indicate activity on CPUs
[    1.697804] NET: Registered protocol family 10
[    1.707326] Segment Routing with IPv6
[    1.710721] NET: Registered protocol family 17
[    1.712801] Key type dns_resolver registered
[    1.715013] mce: Using 0 MCE banks
[    1.716611] RAS: Correctable Errors collector initialized.
[    1.718966] sched_clock: Marking stable (1718936713, 0)->(6861974832, -5143038119)
[    1.722885] registered taskstats version 1
[    1.724694] Loading compiled-in X.509 certificates
[    1.731526] Loaded X.509 cert 'Build time autogenerated kernel key: 9ff85db0b1f72c0c954e4d2eaca5a9366845820b'
[    1.737100] zswap: loaded using pool lzo/zbud
[    1.746114] Key type big_key registered
[    1.751259] Key type trusted registered
[    1.756320] Key type encrypted registered
[    1.758094] AppArmor: AppArmor sha1 policy hashing enabled
[    1.760447] ima: No TPM chip found, activating TPM-bypass! (rc=-19)
[    1.762998] ima: Allocated hash algorithm: sha1
[    1.765006] evm: HMAC attrs: 0x1
[    1.767010]   Magic number: 3:960:603
[    1.768851] rtc_cmos rtc_cmos: setting system clock to 2019-09-21 22:35:13 UTC (1569105313)
[    1.772658] BIOS EDD facility v0.16 2004-Jun-25, 0 devices found
[    1.775093] EDD information not available.
[    1.795348] Freeing unused kernel image memory: 2436K
[    1.816130] Write protecting the kernel read-only data: 20480k
[    1.828459] Freeing unused kernel image memory: 2008K
[    1.831246] Freeing unused kernel image memory: 1972K
[    1.880305] x86/mm: Checked W+X mappings: passed, no W+X pages found.
[    2.050070] x86/mm: Checking user space page tables
[    2.218752] x86/mm: Checked W+X mappings: passed, no W+X pages found.
Loading, please wait...
starting version 237
[    2.519148] Fusion MPT base driver 3.04.20
[    2.522698] Copyright (c) 1999-2008 LSI Corporation
[    2.529422] e1000: Intel(R) PRO/1000 Network Driver - version 7.3.21-k8-NAPI
[    2.593142] e1000: Copyright (c) 1999-2006 Intel Corporation.
[    2.622616] Fusion MPT SPI Host driver 3.04.20
[    2.633019] mptbase: ioc0: Initiating bringup
[    2.729178] ioc0: LSI53C1030 A0: Capabilities={Initiator}
[    2.809189] input: ImExPS/2 Generic Explorer Mouse as /devices/platform/i8042/serio1/input/input4
[    2.983562] scsi host2: ioc0: LSI53C1030 A0, FwRev=00000000h, Ports=1, MaxQ=256, IRQ=20
[    3.257174] scsi 2:0:0:0: Direct-Access     VBOX     HARDDISK         1.0  PQ: 0 ANSI: 5
[    4.120141] scsi target2:0:0: Beginning Domain Validation
[    4.180569] scsi target2:0:0: Domain Validation skipping write tests
[    4.184209] scsi target2:0:0: Ending Domain Validation
[    4.186540] scsi target2:0:0: asynchronous
[    4.189298] scsi 2:0:1:0: Direct-Access     VBOX     HARDDISK         1.0  PQ: 0 ANSI: 5
[    4.488041] scsi target2:0:1: Beginning Domain Validation
[    4.525185] e1000 0000:00:03.0 eth0: (PCI:33MHz:32-bit) 02:ab:ce:93:e0:e3
[    4.529180] random: fast init done
[    4.531892] e1000 0000:00:03.0 eth0: Intel(R) PRO/1000 Network Connection
[    4.535771] scsi target2:0:1: Domain Validation skipping write tests
[    4.549355] scsi target2:0:1: Ending Domain Validation
[    4.551557] random: systemd-udevd: uninitialized urandom read (16 bytes read)
[    4.554550] scsi target2:0:1: asynchronous
[    4.556435] random: systemd-udevd: uninitialized urandom read (16 bytes read)
[    4.559359] random: systemd-udevd: uninitialized urandom read (16 bytes read)
[    4.573688] sd 2:0:0:0: [sda] 20971520 512-byte logical blocks: (10.7 GB/10.0 GiB)
[    4.589326] sd 2:0:0:0: [sda] Write Protect is off
[    4.620578] sd 2:0:0:0: Attached scsi generic sg0 type 0
[    4.624114] sd 2:0:0:0: [sda] Incomplete mode parameter data
[    4.627117] sd 2:0:0:0: [sda] Assuming drive cache: write through
[    4.631679] sd 2:0:1:0: [sdb] 20480 512-byte logical blocks: (10.5 MB/10.0 MiB)
[    4.635831] sd 2:0:1:0: Attached scsi generic sg1 type 0
[    4.639407] sd 2:0:1:0: [sdb] Write Protect is off
[    4.642509] sd 2:0:1:0: [sdb] Incomplete mode parameter data
[    4.647974] sd 2:0:1:0: [sdb] Assuming drive cache: write through
[    4.653056]  sda: sda1
[    4.669739] sd 2:0:1:0: [sdb] Attached SCSI disk
[    4.691580] sd 2:0:0:0: [sda] Attached SCSI disk
[    5.098144] e1000 0000:00:08.0 eth1: (PCI:33MHz:32-bit) 08:00:27:0e:52:69
[    5.107893] e1000 0000:00:08.0 eth1: Intel(R) PRO/1000 Network Connection
[    5.112536] e1000 0000:00:08.0 enp0s8: renamed from eth1
[    5.137198] e1000 0000:00:03.0 enp0s3: renamed from eth0
Begin: Loading essential drivers ... [    7.604325] raid6: sse2x1   gen()  1914 MB/s
[    7.656086] raid6: sse2x1   xor()  1293 MB/s
[    7.756630] raid6: sse2x2   gen()  4612 MB/s
[    7.856204] raid6: sse2x2   xor()  2152 MB/s
[    7.932350] raid6: sse2x4   gen()  5133 MB/s
[    8.028030] raid6: sse2x4   xor()  2894 MB/s
[    8.050418] raid6: using algorithm sse2x4 gen() 5133 MB/s
[    8.052641] raid6: .... xor() 2894 MB/s, rmw enabled
[    8.054787] raid6: using ssse3x2 recovery algorithm
[    8.059603] xor: automatically using best checksumming function   avx       
[    8.097179] async_tx: api initialized (async)
done.
Begin: Running /scripts/init-premount ... done.
Begin: Mounting root file system ... Begin: Running /scripts/local-top ... done.
Begin: Running /scripts/local-premount ... [    8.227382] Btrfs loaded, crc32c=crc32c-intel
Scanning for Btrfs filesystems
done.
Warning: fsck not present, so skipping root file system
[    8.326890] EXT4-fs (sda1): mounted filesystem with ordered data mode. Opts: (null)
done.
Begin: Running /scripts/local-bottom ... done.
Begin: Running /scripts/init-bottom ... done.
[    8.974636] ip_tables: (C) 2000-2006 Netfilter Core Team
[    9.035035] systemd[1]: systemd 237 running in system mode. (+PAM +AUDIT +SELINUX +IMA +APPARMOR +SMACK +SYSVINIT +UTMP +LIBCRYPTSETUP +GCRYPT +GNUTLS +ACL +XZ +LZ4 +SECCOMP +BLKID +ELFUTILS +KMOD -IDN2 +IDN -PCRE2 default-hierarchy=hybrid)
[    9.179616] systemd[1]: Detected virtualization oracle.
[    9.181875] systemd[1]: Detected architecture x86-64.

Welcome to [1mUbuntu 18.04.3 LTS[0m!

[    9.204218] systemd[1]: Set hostname to <ubuntu>.
[    9.246732] systemd[1]: Initializing machine ID from random generator.
[    9.272552] systemd[1]: Installed transient /etc/machine-id file.
[   10.104410] systemd[1]: Created slice User and Session Slice.
[[0;32m  OK  [0m] Created slice User and Session Slice.
[   10.272264] systemd[1]: Created slice System Slice.
[[0;32m  OK  [0m] Created slice System Slice.
[   10.276594] systemd[1]: Listening on Journal Socket.
[[0;32m  OK  [0m] Listening on Journal Socket.
[   10.282503] systemd[1]: Starting Uncomplicated firewall...
         Starting Uncomplicated firewall...
         Mounting POSIX Message Queue File System...
[[0;32m  OK  [0m] Listening on Journal Socket (/dev/log).
[[0;32m  OK  [0m] Listening on udev Kernel Socket.
         Mounting Huge Pages File System...
         Starting Load Kernel Modules...
         Starting Remount Root and Kernel File Systems...
[[0;32m  OK  [0m] Reached target Swap.
[   10.418715] Loading iSCSI transport class v2.0-870.
[   10.473759] random: crng init done
[   10.482446] random: 7 urandom warning(s) missed due to ratelimiting
         Mounting Kernel Debug File System...
[[0;32m  OK  [0m] Created slice system-serial\x2dgetty.slice.
[[0;32m  OK  [0m] Reached target Slices.
[[0;32m  OK  [[   10.527939] EXT4-fs (sda1): re-mounted. Opts: (null)
0m] Listening on Journal Audit Socket.
[[0;32m  OK  [0m] Reached targ[   10.536687] iscsi: registered transport (tcp)
et System Time Synchronized.
         Starting Create list of required st…ce nodes for the current kernel...
[[0;32m  OK  [0m] Listening on LVM2 metadata daemon socket.
[[0;32m  OK  [0m] Started Forward Password Requests to Wall Directory Watch.
[[0;32m  OK  [0m] Listening on LVM2 poll daemon socket.
[[0;32m  OK  [0m] Listening on Device-mapper event daemon FIFOs.
         Starting Monitoring of LVM2 mirrors…ng dmeventd or pr[   10.626893] iscsi: registered transport (iser)
ogress polling...
[[0;32m  OK  [0m] Listening on udev Control Socket.
[[0;32m  OK  [0m] Listening on Network Service Netlink Socket.
[[0;32m  OK  [0m] Reached target User and Group Name Lookups.
[[0;32m  OK  [0m] Set up automount Arbitrary Executab…rmats File System Automount Point.
[[0;32m  OK  [0m] Listening on Syslog Socket.
         Starting Journal Service...
         Starting Set the console keyboard layout...
[[0;32m  OK  [0m] Listening on /dev/initctl Compatibility Named Pipe.
         Starting udev Coldplug all Devices...
[[0;32m  OK  [0m] Started Uncomplicated firewall.
[[0;32m  OK  [0m] Mounted POSIX Message Queue File System.
[[0;32m  OK  [0m] Mounted Huge Pages File System.
[[0;32m  OK  [0m] Started Load Kernel Modules.
[[0;32m  OK  [0m] Started Remount Root and Kernel File Systems.
[[0;32m  OK  [0m] Mounted Kernel Debug File System.
[[0;32m  OK  [0m] Started Create list of required sta…vice nodes for the current kernel.
         Starting Create Static Device Nodes in /dev...
         Starting Load/Save Random Seed...
         Mounting FUSE Control File System...
         Mounting Kernel Configuration File System...
         Starting Apply Kernel Variables...
[[0;32m  OK  [0m] Mounted FUSE Control File System.
[[0;32m  OK  [0m] Mounted Kernel Configuration File System.
[[0;32m  OK  [0m] Started LVM2 metadata daemon.
[[0;32m  OK  [0m] Started Journal Service.
         Starting Flush Journal to Persistent Storage...
[[0;32m  OK  [0m] Started udev Coldplug all Devices.
[[0;32m  OK  [0m] Started Load/Save Random Seed.
[[0;32m  OK  [0m] Started Monitoring of LVM2 mirrors,…sing dmeventd or progress polling.
[[0;32m  OK  [0m] Started Create Static Device Nodes in /dev.
         Starting udev Kernel Device Manager...
[[0;32m  OK  [0m] Started Apply Kernel Variables.
[[0;32m  OK  [0m] Started Flush Journal to Persistent Storage.
[[0;32m  OK  [0m] Started udev Kernel Device Manager.
[[0;32m  OK  [0m] Found device /dev/ttyS0.
[[0;32m  OK  [0m] Listening on Load/Save RF Kill Switch Status /dev/rfkill Watch.
[[0;32m  OK  [0m] Started Set the console keyboard layout.
[[0;32m  OK  [0m] Reached target Local File Systems (Pre).
[[0;32m  OK  [0m] Reached target Local File Systems.
         Starting Set console font and keymap...
         Starting Commit a transient machine-id on disk...
         Starting ebtables ruleset management...
         Starting Create Volatile Files and Directories...
         Starting Tell Plymouth To Write Out Runtime Data...
         Starting AppArmor initialization...
[[0;32m  OK  [0m] Started Dispatch Password Requests to Console Directory Watch.
[[0;32m  OK  [0m] Reached target Local Encrypted Volumes.
[[0;32m  OK  [0m] Started Set console font and keymap.
[[0;32m  OK  [0m] Started Commit a transient machine-id on disk.
[[0;32m  OK  [0m] Started Tell Plymouth To Write Out Runtime Data.
[[0;32m  OK  [0m] Started Create Volatile Files and Directories.
         Starting Update UTMP about System Boot/Shutdown...
[[0;32m  OK  [0m] Started Update UTMP about System Boot/Shutdown.
[[0;32m  OK  [0m] Started ebtables ruleset management.
[[0;32m  OK  [0m] Started AppArmor initialization.
         Starting Initial cloud-init job (pre-networking)...
[   21.179004] cloud-init[626]: Cloud-init v. 19.2-24-ge7881d5c-0ubuntu1~18.04.1 running 'init-local' at Sat, 21 Sep 2019 22:35:31 +0000. Up 20.19 seconds.
[[0;32m  OK  [0m] Started Initial cloud-init job (pre-networking).
[[0;32m  OK  [0m] Reached target Network (Pre).
         Starting Network Service...
[[0;32m  OK  [0m] Started Network Service.
         Starting Wait for Network to be Configured...
         Starting Network Name Resolution...
[[0;32m  OK  [0m] Started Network Name Resolution.
[[0;32m  OK  [0m] Reached target Host and Network Name Lookups.
[[0;32m  OK  [0m] Reached target Network.
[[0;32m  OK  [0m] Started Wait for Network to be Configured.
         Starting Initial cloud-init job (metadata service crawler)...
[   24.196934] cloud-init[739]: Cloud-init v. 19.2-24-ge7881d5c-0ubuntu1~18.04.1 running 'init' at Sat, 21 Sep 2019 22:35:35 +0000. Up 23.77 seconds.
[   24.219580] cloud-init[739]: ci-info: ++++++++++++++++++++++++++++++++++++++Net device info+++++++++++++++++++++++++++++++++++++++
[   24.227002] cloud-init[739]: ci-info: +--------+-------+----------------------------+---------------+--------+-------------------+
[   24.240251] cloud-init[739]: ci-info: | Device |   Up  |          Address           |      Mask     | Scope  |     Hw-Address    |
[   24.268509] cloud-init[739]: ci-info: +--------+-------+----------------------------+---------------+--------+-------------------+
[   24.322147] cloud-init[739]: ci-info: | enp0s3 |  True |         10.0.2.15          | 255.255.255.0 | global | 02:ab:ce:93:e0:e3 |
[   24.356743] cloud-init[739]: ci-info: | enp0s3 |  True | fe80::ab:ceff:fe93:e0e3/64 |       .       |  link  | 02:ab:ce:93:e0:e3 |
[   24.386640] cloud-init[739]: ci-info: | enp0s8 | False |             .              |       .       |   .    | 08:00:27:0e:52:69 |
[   24.436275] cloud-init[739]: ci-info: |   lo   |  True |         127.0.0.1          |   255.0.0.0   |  host  |         .         |
[   24.475129] cloud-init[739]: ci-info: |   lo   |  True |          ::1/128           |       .       |  host  |         .         |
[   24.480614] cloud-init[739]: ci-info: +--------+-------+----------------------------+---------------+--------+-------------------+
[   24.496228] cloud-init[739]: ci-info: ++++++++++++++++++++++++++++Route IPv4 info+++++++++++++++++++++++++++++
[   24.556783] cloud-init[739]: ci-info: +-------+-------------+----------+-----------------+-----------+-------+
[   24.561113] cloud-init[739]: ci-info: | Route | Destination | Gateway  |     Genmask     | Interface | Flags |
[   24.564527] cloud-init[739]: ci-info: +-------+-------------+----------+-----------------+-----------+-------+
[   24.577060] cloud-init[739]: ci-info: |   0   |   0.0.0.0   | 10.0.2.2 |     0.0.0.0     |   enp0s3  |   UG  |
[   24.638281] cloud-init[739]: ci-info: |   1   |   10.0.2.0  | 0.0.0.0  |  255.255.255.0  |   enp0s3  |   U   |
[   24.658674] cloud-init[739]: ci-info: |   2   |   10.0.2.2  | 0.0.0.0  | 255.255.255.255 |   enp0s3  |   UH  |
[   24.668009] cloud-init[739]: ci-info: +-------+-------------+----------+-----------------+-----------+-------+
[   24.693116] cloud-init[739]: ci-info: +++++++++++++++++++Route IPv6 info+++++++++++++++++++
[   24.698977] cloud-init[739]: ci-info: +-------+-------------+---------+-----------+-------+
[   24.715280] cloud-init[739]: ci-info: | Route | Destination | Gateway | Interface | Flags |
[   24.720925] cloud-init[739]: ci-info: +-------+-------------+---------+-----------+-------+
[   24.725997] cloud-init[739]: ci-info: |   1   |  fe80::/64  |    ::   |   enp0s3  |   U   |
[   24.730262] cloud-init[739]: ci-info: |   3   |    local    |    ::   |   enp0s3  |   U   |
[   24.734393] cloud-init[739]: ci-info: |   4   |   ff00::/8  |    ::   |   enp0s3  |   U   |
[   24.738365] cloud-init[739]: ci-info: +-------+-------------+---------+-----------+-------+
[   25.756486] cloud-init[739]: Generating public/private rsa key pair.
[   25.765971] cloud-init[739]: Your identification has been saved in /etc/ssh/ssh_host_rsa_key.
[   25.768976] cloud-init[739]: Your public key has been saved in /etc/ssh/ssh_host_rsa_key.pub.
[   25.801244] cloud-init[739]: The key fingerprint is:
[   25.837538] cloud-init[739]: SHA256:6xPXNV7WYMW3fqCbSw2LS+KLlAnfVytuzOHDKv3v2rA root@ubuntu-bionic
[   25.864586] cloud-init[739]: The key's randomart image is:
[[   25.880389] cloud-init[739]: +---[RSA 2048]----+
[   25.880679] cloud-init[739]: |               o.|
[0;32m  OK  [0m] Started Initial cloud-init job (metadata service crawler).
[   25.881138] cloud-init[739]: |              o o|
[[   25.928908] cloud-init[739]: |             . .+|
[   25.929240] cloud-init[739]: |              +.+|
[0;32m  OK  [0m] Reached target System Initialization.
[   25.929765] [[0;32m  OK  [0m] Started Discard unused blocks once a week.
[[0;32m  OK  [0m] Started Daily Cleanup of Temporary Directories.
cloud-init[739]: |    .   S  .o+.= |
[   25.977647] cloud-init[739]: |     o +..ooo=...|
[   26.002256] cloud-init[739]: |      =.+B*.+o. .|
         Starting LXD - unix socket.
[[0;32m  OK  [0m] Listening on Open-iSCSI iscsid Socket.
[[0;32m  OK  [0m] Started Message of the Day.
[[0;32m  OK  [0m] Listening on ACPID Listen Socket.
[[0;32m  OK  [0m] Started Daily apt download activities.
[   26.004293] cloud-init[739]: |     ..+o=BBo    |
[   26.047563] cloud-init[739]: |      ..=*E==.   |
[   26.050835] cloud-init[739]: +----[SHA256]-----+
[   26..52303] cloud-init[739]: Generating public/private dsa key pair.
[   26.074745] cloud-init[739]: Your identification has been saved in /etc/ssh/ssh_host_dsa_key.
[[0;32m  OK  [0m] Started ACPI Events Check.
         Starting Socket activation for snappy daemon.
[[0;32m  OK  [0m] Listening on UUID daemon activation socket.
[[0;32m  OK  [0m] Started Daily apt upgrade and clean activities.
[[0;32m  OK  [0m] Reached target Timers.
[[0;32m  OK  [0m] Listening on D-Bus System Message Bus Socket.
[[0;32m  OK  [0m] Reached target Paths.
[[0;32m  OK  [0m] Reached target Network is Online.
[   26.107260] cloud-init[739]: Your public key has been saved in /etc/ssh/ssh_host_dsa_key.pub.
[   26.436512] cloud-init[739]: The key fingerprint is:
[[0;32m  OK  [0m] Reached target Remote File Systems (Pre).
[[0;32m  OK  [0m] Reached target Remote File Systems.
[   26.504013] cloud-init[739]: SHA256:EOzWQ2aTl4xjK7lCRsBkKhrUaJt+xYIuuGPcFLd3GNg root@ubuntu-bionic
         Starting Availability of block devices...
[   26.604530] [cloud-init[0;32m  OK  [0m[739]: ] The key's randomart image is:Reached target Cloud-config availability.

[[0;32m  OK  [0m] Listening on LXD - unix socket.
[   26.677463] [[0;32m  OK  [0m] Listening on Socket activation for snappy daemon.
cloud-init[739]: +---[DSA 1024]----+
[[0;32m  OK  [0m] Started Availability of block devices.
[   26.729794] cloud-init[739]: | +*. ..  + .     |[
[0;32m  OK  [0m] Reached target Sockets.
[   26.745158] [[0;32m  OK  [0m] Reached target Basic System.
cloud-init[739]: |.=... ..X +      |
[[0;32m  OK  [0m] Started Regular background program processing daemon.
[   26.786056] cloud-init[739]: |= +...+B =       |
[[0;32m  OK  [0m] Started FUSE filesystem for LXC.
[   26.825388] cloud-init[739]: |o= oo==E+        |         Starting System Logging Service...

         Starting Permit User Sessions...
[[0;32m  OK  [0m] Started Deferred execution scheduler.
         Starting Virtualbox guest utils...
[   26.905742]          Starting Accounts Service...
cloud-init[739]: |=  o=..oS.       |
[   26.917717] cloud-init[739]: |oo o...o .       |
[   26.932290] cloud-init[739]: |o.+  .. .        |
[   26.936317] cloud-init[739]: |oo .             |
[   26.941198] cloud-init[739]: |..               |
[   26.965059] cloud-init[739]: +----[SHA256]-----+
[   26.967275] cloud-init[739]: Generating public/private ecdsa key pair.
[   26.984560] cloud-init[739]: Your identification has been saved in /etc/ssh/ssh_host_ecdsa_key.
[   26.989833] cloud-init[739]: Your public key has been saved in /etc/ssh/ssh_host_ecdsa_key.pub.
[   26.993006] cloud-init[739]: The key fingerprint is:
[   26.995286] cloud-init[739]: SHA256:zMYHm5DqqnxwGO0FLMO7nhFB7v5iz61NmutBdwn2tTM root@ubuntu-bionic
         Starting Dispatcher daemon for systemd-networkd...
[   27.017927] cloud-init[739]: The key's randomart image is:         Starting LSB: automatic crash report generation...

[   27.033921] cloud-init[739]: +---[ECDSA 256]---+
[   27.042485] cloud-init[739]: |o..              |
[   27.045594] cloud-init[739]: |.= o   .         |
[   27.050228] cloud-init[739]: | .* .oo ..       |
[   27.053295] cloud-init[739]: |.+ ..oo=o+.      |
[   27.056937] cloud-init[739]: | .*.o. +SE.      |
[   27.060355] cloud-init[739]: |.=.+. .. .o      |
[   27.064735] cloud-init[739]: |..=...           |
[   27.067800] cloud-init[739]: |.=ooB            |
[   27.069724] cloud-init[739]: |oo*Xoo           |
[   27.071691] cloud-init[739]: +----[SHA256]-----+
[   27.082480] cloud-init[739]: Generating public/private ed25519 key pair.
[[0;32m  OK  [0m] Started irqbalance daemon.
[   27.093740] cloud-init[739]: Your identification has been saved in /etc/ssh/ssh_host_ed25519_key.
         Starting Login Service...
[   27.117199] cloud-init[739]: Your public key has been saved in /etc/ssh/ssh_host_ed25519_key.pub.
[   27.129065] cloud-init[739]: The key fingerprint is:
[   27.132593] cloud-init[739]: SHA256:wAr/0xwvrbAmrb3Wyg5uoYdMAmKT2H/+NhNKpO7EE7o root@ubuntu-bionic
[   27.148521] cloud-init[739]: The key's randomart image is:
         Starting Pollinate to seed the pseudo random number generator...
         Starting LXD - container startup/shutdown...
[[0;32m  OK  [0m] Started D-Bus System Message Bus.
[   27.178232] cloud-init[739]: +--[ED25519 256]--+
[   27.256735] cloud-init[739]: |                 |
[   27.292666] cloud-init[739]: |     .           |
[   27.296130] cloud-init[739]: |..o   o          |
[   27.298113] cloud-init[739]: |++.o ...         |
[   27.299929] cloud-init[739]: |+ ..+o  S        |
[   27.302995] cloud-init[739]: |. .o+ooo.+       |
[   27.306447] cloud-init[739]: | +.+=*+o+.o      |
[   27.308690] cloud-init[739]: |  ++==*+=o       |
[   27.320626] cloud-init[739]: |  E++*B=oo       |
[   27.326494] cloud-init[739]: +----[SHA256]-----+
         Starting Snappy daemon...
         Starting LSB: Record successful boot for GRUB...
[[0;32m  OK  [0m] Started System Logging Service.
[[0;32m  OK  [0m] Started Permit User Sessions.
[[0;32m  OK  [0m] Started Login Service.
[[0;32m  OK  [0m] Started Unattended Upgrades Shutdown.
         Starting Hold until boot process finishes up...
         Starting Terminate Plymouth Boot Screen...
[[0;32m  OK  [0m] Started Hold until boot process finishes up.
[[0;32m  OK  [0m] Started Terminate Plymouth Boot Screen.
[[0;32m  OK  [0m] Started Serial Getty on ttyS0.
         Starting Set console scheme...
[[0;32m  OK  [0m] Started Set console scheme.
[[0;32m  OK  [0m] Created slice system-getty.slice.
[[0;32m  OK  [0m] Started Getty on tty1.
[[0;32m  OK  [0m] Reached target Login Prompts.
         Starting Authorization Manager...
[[0;32m  OK  [0m] Started LSB: automatic crash report generation.
[[0;32m  OK  [0m] Started LSB: Record successful boot for GRUB.
[[0;32m  OK  [0m] Started Authorization Manager.
[[0;32m  OK  [0m] Started Accounts Service.
[[0;32m  OK  [0m] Started Virtualbox guest utils.
[[0;32m  OK  [0m] Started LXD - container startup/shutdown.
[[0;32m  OK  [0m] Started Dispatcher daemon for systemd-networkd.
[[0;32m  OK  [0m] Started Snappy daemon.
         Starting Wait until snapd is fully seeded...

Ubuntu 18.04.3 LTS ubuntu-bionic ttyS0

ubuntu-bionic login: [   39.465629] cloud-init[1264]: Cloud-init v. 19.2-24-ge7881d5c-0ubuntu1~18.04.1 running 'modules:config' at Sat, 21 Sep 2019 22:35:47 +0000. Up 35.97 seconds.
ci-info: no authorized ssh keys fingerprints found for user ubuntu.
<14>Sep 21 22:35:54 ec2: 
<14>Sep 21 22:35:54 ec2: #############################################################
<14>Sep 21 22:35:54 ec2: -----BEGIN SSH HOST KEY FINGERPRINTS-----
<14>Sep 21 22:35:54 ec2: 1024 SHA256:EOzWQ2aTl4xjK7lCRsBkKhrUaJt+xYIuuGPcFLd3GNg root@ubuntu-bionic (DSA)
<14>Sep 21 22:35:54 ec2: 256 SHA256:zMYHm5DqqnxwGO0FLMO7nhFB7v5iz61NmutBdwn2tTM root@ubuntu-bionic (ECDSA)
<14>Sep 21 22:35:54 ec2: 256 SHA256:wAr/0xwvrbAmrb3Wyg5uoYdMAmKT2H/+NhNKpO7EE7o root@ubuntu-bionic (ED25519)
<14>Sep 21 22:35:54 ec2: 2048 SHA256:6xPXNV7WYMW3fqCbSw2LS+KLlAnfVytuzOHDKv3v2rA root@ubuntu-bionic (RSA)
<14>Sep 21 22:35:54 ec2: -----END SSH HOST KEY FINGERPRINTS-----
<14>Sep 21 22:35:54 ec2: #############################################################
-----BEGIN SSH HOST KEY KEYS-----
ecdsa-sha2-nistp256 AAAAE2VjZHNhLXNoYTItbmlzdHAyNTYAAAAIbmlzdHAyNTYAAABBBJfQgIF0lRsOcbw4i4NJxllGKdamvNg28eeqYextpK5NZqiJkgSuAV5HA/bLSyNBGTZSfjgs+SbCmt2p6Jsw3kI= root@ubuntu-bionic
ssh-ed25519 AAAAC3NzaC1lZDI1NTE5AAAAIOq1vJM5Y2B7ikC2jbj31dhSwbgqTlPap/j76j5pqCFi root@ubuntu-bionic
ssh-rsa AAAAB3NzaC1yc2EAAAADAQABAAABAQCtuLV/pvHN1Jv/CfmzSGxYnfmCO6qq6bmaVMTYi7raqPUgGcIjLqukHqxBl769cctVIjEb8+MDwmETRXNkDN4XDtbsQgfqJU9FjsIMx9fCC/i2/P9LGYtzaeKvjx5xEUhT+tCqNsIFiyUuZ6zfMT4r6ClyvvrcDSc/JbfnQPSgn667POTRmTDTstC6x5hIr4qqtG7eVwPq5EPDRPaMwFACEIdwqol/7Rhsl8AlJJJuVxez+MaeN/TWsCk0ncMj1D1bNo9+40pGNQ/TyuxJ7cuv7y2EspV91q+88uQ3TS9eoINM9GEtDCIBQKRq9wpFRq/8dsQjVwLKne04m/Rqs4up root@ubuntu-bionic
-----END SSH HOST KEY KEYS-----
[   42.578031] cloud-init[1431]: Cloud-init v. 19.2-24-ge7881d5c-0ubuntu1~18.04.1 running 'modules:final' at Sat, 21 Sep 2019 22:35:53 +0000. Up 41.61 seconds.
[   42.578205] cloud-init[1431]: ci-info: no authorized ssh keys fingerprints found for user ubuntu.
[   42.578334] cloud-init[1431]: Cloud-init v. 19.2-24-ge7881d5c-0ubuntu1~18.04.1 finished at Sat, 21 Sep 2019 22:35:54 +0000. Datasource DataSourceNoCloud [seed=/dev/sdb][dsmode=net].  Up 42.54 seconds
